[2025-07-20 10:10:34] App closed and daily backup created.
[2025-07-20 10:11:17] WARNING: bar_sales.db was missing on app start.
[2025-07-20 10:12:13] WARNING: bar_sales.db was missing on app start.
[2025-07-20 10:59:40] App closed and daily backup created.
[2025-07-20 10:59:43] App closed and daily backup created.
[2025-07-20 10:59:46] App closed and daily backup created.
[2025-07-20 10:59:49] App closed and daily backup created.
[2025-07-20 10:59:52] App closed and daily backup created.
[2025-07-20 11:00:51] App closed and daily backup created.
[2025-07-20 11:04:36] App closed and daily backup created.
[2025-07-20 11:09:15] App closed and daily backup created.
[2025-07-20 11:10:20] App closed and daily backup created.
[2025-07-20 11:12:17] App closed and daily backup created.
[2025-07-20 12:56:47] Dashboard opened by admin
[2025-07-20 13:02:31] Dashboard opened by admin
[2025-07-20 13:22:11] App closed and daily backup created.
[2025-07-20 13:25:04] App closed and daily backup created.
[2025-07-20 13:25:42] Export triggered by admin
[2025-07-20 13:26:44] App closed and daily backup created.
[2025-07-20 13:27:39] App closed and daily backup created.
[2025-07-20 13:29:02] App closed and daily backup created.
[2025-07-20 13:29:18] App closed and daily backup created.
[2025-07-20 13:33:26] App closed and daily backup created.
[2025-07-20 13:36:22] App closed and daily backup created.
[2025-07-20 13:37:36] Sale recorded by comfort: black label x3 at 3.0 (Total: 9.0)
[2025-07-20 13:38:37] App closed and daily backup created.
[2025-07-20 13:39:54] Dashboard opened by admin
[2025-07-20 13:48:55] App closed and daily backup created.
[2025-08-14 03:23:57] WARNING: bar_sales.db was missing on app start. New database created.
[2025-08-14 03:24:13] App closed and daily backup created.
[2025-08-14 03:48:31] Dashboard opened by admin
[2025-08-18 16:15:55] App closed and daily backup created.
[2025-08-18 19:15:19] App closed and daily backup created.
[2025-08-18 19:15:28] App closed and daily backup created.
[2025-08-18 19:15:40] App closed and daily backup created.
[2025-08-18 19:16:04] App closed and daily backup created.
[2025-08-19 14:46:12] Dashboard opened by admin
[2025-08-19 14:49:59] Sale recorded by comfort: Black Label x2 at 25.0 (Total: 50.0)
[2025-08-19 14:58:02] Sale recorded by comfort: Castle x3 at 25.0 (Total: 75.0)
[2025-08-19 14:59:08] Dashboard opened by admin
[2025-08-19 15:00:18] All sales exported by admin to exports\all_sales_2025-08-19_to_2025-08-19_2025-08-19.csv (filtered, CSV)
[2025-08-19 15:17:20] App closed and daily backup created.
[2025-08-19 15:17:24] App closed and daily backup created.
[2025-08-19 15:17:29] App closed and daily backup created.
[2025-08-19 15:31:42] Dashboard opened by admin
[2025-08-19 15:32:13] Sale recorded by comfort: Black Label x2 at 25.0 (Total: 50.0)
[2025-08-19 15:33:04] Sale recorded by comfort: Black Label x2 at 25.0 (Total: 50.0)
[2025-08-19 15:46:51] Sale recorded by comfort: Black Label x3 at 25.0 (Total: 75.0)
[2025-08-19 15:49:57] Sale recorded by John: Black Label x4 at 25.0 (Total: 100.0)
[2025-08-19 16:11:16] Sale recorded by John: Black Label x2 at 25.0 (Total: 50.0)
[2025-08-19 16:14:32] Sale recorded by Peter: Castle x4 at 25.0 (Total: 100.0)
[2025-08-19 16:20:33] App closed and daily backup created.
[2025-08-19 16:20:42] App closed and daily backup created.
[2025-08-19 19:28:19] All sales exported by admin to exports\all_sales_2025-08-19_to_2025-08-19_2025-08-19.xlsx (filtered, Excel)
[2025-08-20 20:14:32] App closed and daily backup created.
[2025-08-20 20:16:18] Sale recorded by comfort: Black Label x4 at 25.0 (Total: 100.0)
[2025-08-20 20:20:20] App closed and daily backup created.
[2025-08-21 09:16:36] App closed and daily backup created.
[2025-08-21 09:22:38] App closed and daily backup created.
[2025-08-21 09:23:17] App closed and daily backup created.
[2025-08-21 09:26:32] App closed and daily backup created.
[2025-08-21 09:28:58] Sale recorded by limata: Black Label x5 at 25.0 (Total: 125.0)
[2025-08-21 09:37:18] App closed and daily backup created.
[2025-08-21 09:38:47] Sale recorded by limata: Black Label x4 at 25.0 (Total: 100.0)
[2025-08-21 09:39:43] App closed and daily backup created.
[2025-08-21 10:53:14] App closed and daily backup created.
[2025-08-21 11:02:50] App closed and daily backup created.
[2025-08-21 11:20:21] Checkout by comfort TX=TX-20250821112021-cb13e8 Total=29.5
[2025-08-21 11:20:48] Checkout by comfort TX=TX-20250821112048-f88912 Total=18.0
[2025-08-21 11:24:01] Checkout by comfort TX=TX-20250821112401-de87e2 Total=39.0
[2025-08-21 12:20:51] Checkout by comfort TX=TX-20250821122051-697dd4 Total=40.0
[2025-08-21 12:21:00] App closed and daily backup created.
[2025-08-21 12:22:26] Checkout by comfort TX=TX-20250821122226-b61eef Total=4.5
[2025-08-21 12:23:10] Checkout by comfort TX=TX-20250821122310-73bc7a Total=25.0
[2025-08-21 12:56:57] App closed and daily backup created.
[2025-08-21 15:20:00] App closed and daily backup created.
[2025-08-21 15:31:23] Sale voided by comfort - Items: Peanuts x1
[2025-08-21 15:39:24] App closed and daily backup created.
[2025-08-21 16:12:06] App closed and daily backup created.
[2025-08-21 16:16:24] App closed and daily backup created.
[2025-08-21 16:20:25] Sale voided by comfort - Items: Embassy x1, Marlboro x1
[2025-08-21 16:50:01] App closed and daily backup created.
[2025-08-21 16:52:42] App closed and daily backup created.
[2025-08-21 16:54:04] App closed and daily backup created.
[2025-08-21 17:15:24] App closed and daily backup created.
[2025-08-21 17:18:13] App closed and daily backup created.
[2025-08-21 17:25:28] App closed and daily backup created.
[2025-08-21 17:30:07] App closed and daily backup created.
[2025-08-21 17:42:43] App closed and daily backup created.
[2025-08-21 17:48:26] Order voided by comfort - Items: Fanta Orange x3
[2025-08-21 17:51:41] App closed and daily backup created.
[2025-08-21 17:56:32] App closed and daily backup created.
[2025-08-21 18:07:11] App closed and daily backup created.
[2025-08-21 18:07:43] App closed and daily backup created.
[2025-08-21 18:13:52] App closed and daily backup created.
[2025-08-21 18:17:23] App closed and daily backup created.
[2025-08-21 18:18:23] App closed and daily backup created.
[2025-08-21 18:21:02] App closed and daily backup created.
[2025-08-21 18:22:20] App closed and daily backup created.
[2025-08-21 18:25:29] App closed and daily backup created.
[2025-08-21 18:28:46] App closed and daily backup created.
[2025-08-21 18:31:01] App closed and daily backup created.
[2025-08-21 18:32:33] App closed and daily backup created.
[2025-08-21 18:34:50] App closed and daily backup created.
[2025-08-21 18:36:23] Payment processed by comfort TX=TX-20250821183623-5301fc Method=Cash Total=13.5
[2025-08-21 18:36:44] App closed and daily backup created.
[2025-08-21 19:20:47] App closed and daily backup created.
[2025-08-21 19:51:22] App closed and daily backup created.
[2025-08-21 19:55:05] App closed and daily backup created.
[2025-08-21 20:07:11] App closed and daily backup created.
[2025-08-21 20:07:28] App closed and daily backup created.
[2025-08-21 20:09:26] All sales exported by admin to exports\all_sales_2025-08-06_to_2025-08-21_2025-08-21.csv (filtered, CSV)
[2025-08-21 20:11:12] Payment processed by Janet TX=TX-20250821201112-048f59 Method=Cash Total=111.0
[2025-08-21 20:11:35] App closed and daily backup created.
[2025-08-22 16:37:50] Payment processed by comfort TX=TX-20250822163750-1908ba Method=Mobile Money Total=180.0
[2025-08-22 16:39:27] Payment processed by comfort TX=TX-20250822163927-2f90a7 Method=Cash Total=140.0
[2025-08-22 16:41:42] App closed and daily backup created.
[2025-08-22 16:46:27] App closed and daily backup created.
[2025-08-22 16:46:30] App closed and daily backup created.
[2025-08-22 16:54:36] App closed and daily backup created.
[2025-08-22 16:55:47] App closed and daily backup created.
[2025-11-02 15:16:15] Dashboard opened by admin
[2025-11-02 15:19:47] Payment processed by montana TX=TX-20251102151946-59307e Method=Cash Total=270.0
[2025-11-02 15:20:35] Dashboard opened by admin
[2025-11-02 15:22:25] Payment processed by montana TX=TX-20251102152225-73ba7f Method=Cash Total=2280.0
[2025-11-02 15:23:03] Dashboard opened by admin
[2025-11-02 15:32:22] App closed and daily backup created.
[2025-11-02 15:33:46] App closed and daily backup created.
[2025-11-03 01:41:24] App closed and daily backup created.
[2025-11-03 01:43:57] App closed and daily backup created.
[2025-11-03 01:44:56] App closed and daily backup created.
[2025-11-03 01:54:05] App closed and daily backup created.
[2025-11-03 02:03:38] App closed and daily backup created.
[2025-11-03 02:11:18] App closed and daily backup created.
[2025-11-03 02:15:53] Payment processed by comfort TX=TX-20251103021553-a0edb4 Method=Mobile Money Total=67.0
[2025-11-03 02:16:22] Payment processed by comfort TX=TX-20251103021622-c498ab Method=Mobile Money Total=134.0
[2025-11-03 02:17:00] App closed and daily backup created.
[2025-11-03 02:19:28] Payment processed by comfort TX=TX-20251103021928-4159b4 Method=Mobile Money Total=67.0
[2025-11-03 02:19:42] App closed and daily backup created.
[2025-11-03 02:21:40] Payment processed by comfort TX=TX-20251103022140-d0b60d Method=Mobile Money Total=134.0
[2025-11-03 02:21:52] App closed and daily backup created.
[2025-11-03 02:23:33] App closed and daily backup created.
[2025-11-03 02:29:38] App closed and daily backup created.
[2025-11-03 02:30:14] App closed and daily backup created.
[2025-11-03 02:33:18] App closed and daily backup created.
[2025-11-03 02:35:32] App closed and daily backup created.
[2025-11-03 02:41:24] App closed and daily backup created.
[2025-11-03 14:04:32] App closed and daily backup created.
[2025-11-03 14:46:47] Dashboard opened by admin
[2025-11-03 14:50:25] App closed and daily backup created.
[2025-11-03 14:50:57] Payment processed by comfort TX=TX-20251103145057-11a807 Method=Mobile Money Total=67.0
[2025-11-03 14:51:03] App closed and daily backup created.
